\BOOKMARK [0][-]{chapter.1}{\376\377\004\057\004\067\004\113\004\072}{}% 1
\BOOKMARK [1][-]{section.1.1}{\376\377\004\033\004\065\004\072\004\101\004\065\004\074\004\113\000\040\004\070\000\040\004\104\004\076\004\100\004\074\004\060\000\040\004\076\004\077\004\070\004\101\004\060\004\075\004\070\004\117\000\040\004\101\004\070\004\075\004\102\004\060\004\072\004\101\004\070\004\101\004\060}{chapter.1}% 2
\BOOKMARK [2][-]{subsection.1.1.1}{\376\377\004\032\004\073\004\116\004\107\004\065\004\062\004\113\004\065\000\040\004\101\004\073\004\076\004\062\004\060\000\040\004\070\000\040\004\070\004\064\004\065\004\075\004\102\004\070\004\104\004\070\004\072\004\060\004\102\004\076\004\100\004\113}{section.1.1}% 3
\BOOKMARK [2][-]{subsection.1.1.2}{\376\377\004\047\004\070\004\101\004\073\004\060}{section.1.1}% 4
\BOOKMARK [2][-]{subsection.1.1.3}{\376\377\004\033\004\070\004\102\004\121\004\100\004\113\000\040\004\070\000\040\004\101\004\102\004\100\004\076\004\072\004\070}{section.1.1}% 5
\BOOKMARK [2][-]{subsection.1.1.4}{\376\377\004\027\004\075\004\060\004\072\004\070\000\040\004\076\004\077\004\065\004\100\004\060\004\106\004\070\004\071\000\040\004\070\000\040\004\100\004\060\004\067\004\064\004\065\004\073\004\070\004\102\004\065\004\073\004\070}{section.1.1}% 6
\BOOKMARK [1][-]{section.1.2}{\376\377\004\041\004\102\004\100\004\103\004\072\004\102\004\103\004\100\004\060\000\040\004\077\004\100\004\076\004\063\004\100\004\060\004\074\004\074\004\113}{chapter.1}% 7
\BOOKMARK [1][-]{section.1.3}{\376\377\004\036\004\077\004\070\004\101\004\060\004\075\004\070\004\117}{chapter.1}% 8
\BOOKMARK [2][-]{subsection.1.3.1}{\376\377\004\036\004\077\004\070\004\101\004\060\004\075\004\070\004\065\000\040\004\102\004\070\004\077\004\076\004\062}{section.1.3}% 9
\BOOKMARK [3][-]{subsubsection.1.3.1.1}{\376\377\004\033\004\076\004\063\004\070\004\107\004\065\004\101\004\072\004\070\004\065\000\040\004\102\004\070\004\077\004\113}{subsection.1.3.1}% 10
\BOOKMARK [3][-]{subsubsection.1.3.1.2}{\376\377\004\041\004\070\004\074\004\062\004\076\004\073\004\114\004\075\004\113\004\065\000\040\004\102\004\070\004\077\004\113}{subsection.1.3.1}% 11
\BOOKMARK [3][-]{subsubsection.1.3.1.3}{\376\377\004\041\004\102\004\100\004\076\004\072\004\076\004\062\004\113\004\065\000\040\004\102\004\070\004\077\004\113}{subsection.1.3.1}% 12
\BOOKMARK [3][-]{subsubsection.1.3.1.4}{\376\377\004\047\004\070\004\101\004\073\004\076\004\062\004\113\004\065\000\040\004\102\004\070\004\077\004\113}{subsection.1.3.1}% 13
\BOOKMARK [3][-]{subsubsection.1.3.1.5}{\376\377\004\037\004\103\004\101\004\102\004\076\004\071\000\040\004\102\004\070\004\077}{subsection.1.3.1}% 14
\BOOKMARK [3][-]{subsubsection.1.3.1.6}{\376\377\004\032\004\076\004\100\004\102\004\065\004\066\004\070}{subsection.1.3.1}% 15
\BOOKMARK [3][-]{subsubsection.1.3.1.7}{\376\377\004\043\004\072\004\060\004\067\004\060\004\102\004\065\004\073\004\070}{subsection.1.3.1}% 16
\BOOKMARK [3][-]{subsubsection.1.3.1.8}{\376\377\004\041\004\101\004\113\004\073\004\072\004\070}{subsection.1.3.1}% 17
\BOOKMARK [3][-]{subsubsection.1.3.1.9}{\376\377\004\042\004\070\004\077\004\113\000\040\004\103\004\072\004\060\004\067\004\060\004\102\004\065\004\073\004\065\004\071\000\040\004\075\004\060\000\040\004\104\004\103\004\075\004\072\004\106\004\070\004\070}{subsection.1.3.1}% 18
\BOOKMARK [3][-]{subsubsection.1.3.1.10}{\376\377\004\034\004\060\004\101\004\101\004\070\004\062\004\113}{subsection.1.3.1}% 19
\BOOKMARK [3][-]{subsubsection.1.3.1.11}{\376\377\004\020\004\073\004\063\004\065\004\061\004\100\004\060\004\070\004\107\004\065\004\101\004\072\004\070\004\065\000\040\004\102\004\070\004\077\004\113\000\040\004\064\004\060\004\075\004\075\004\113\004\105}{subsection.1.3.1}% 20
\BOOKMARK [2][-]{subsection.1.3.2}{\376\377\004\036\004\077\004\070\004\101\004\060\004\075\004\070\004\065\000\040\004\077\004\065\004\100\004\065\004\074\004\065\004\075\004\075\004\113\004\105}{section.1.3}% 21
\BOOKMARK [2][-]{subsection.1.3.3}{\376\377\004\036\004\077\004\070\004\101\004\060\004\075\004\070\004\065\000\040\004\072\004\076\004\075\004\101\004\102\004\060\004\075\004\102}{section.1.3}% 22
\BOOKMARK [2][-]{subsection.1.3.4}{\376\377\004\036\004\077\004\070\004\101\004\060\004\075\004\070\004\065\000\040\004\104\004\103\004\075\004\072\004\106\004\070\004\071}{section.1.3}% 23
\BOOKMARK [1][-]{section.1.4}{\376\377\004\022\004\113\004\100\004\060\004\066\004\065\004\075\004\070\004\117}{chapter.1}% 24
\BOOKMARK [1][-]{section.1.5}{\376\377\004\036\004\077\004\065\004\100\004\060\004\102\004\076\004\100\004\113}{chapter.1}% 25
\BOOKMARK [2][-]{subsection.1.5.1}{\376\377\004\036\004\077\004\065\004\100\004\060\004\102\004\076\004\100\004\113\000\040\004\077\004\100\004\070\004\101\004\062\004\060\004\070\004\062\004\060\004\075\004\070\004\117}{section.1.5}% 26
\BOOKMARK [2][-]{subsection.1.5.2}{\376\377\004\043\004\101\004\073\004\076\004\062\004\075\004\113\004\071\000\040\004\076\004\077\004\065\004\100\004\060\004\102\004\076\004\100}{section.1.5}% 27
\BOOKMARK [2][-]{subsection.1.5.3}{\376\377\004\036\004\077\004\065\004\100\004\060\004\102\004\076\004\100\000\040\004\062\004\113\004\061\004\076\004\100\004\060}{section.1.5}% 28
\BOOKMARK [2][-]{subsection.1.5.4}{\376\377\004\036\004\077\004\065\004\100\004\060\004\102\004\076\004\100\000\040\004\100\004\060\004\067\004\061\004\076\004\100\004\060\000\040\004\067\004\075\004\060\004\107\004\065\004\075\004\070\004\117\000\040\004\060\004\073\004\063\004\065\004\061\004\100\004\060\004\070\004\107\004\065\004\101\004\072\004\076\004\063\004\076\000\040\004\102\004\070\004\077\004\060}{section.1.5}% 29
\BOOKMARK [2][-]{subsection.1.5.5}{\376\377\004\043\004\061\004\070\004\071\004\106\004\060\000\040\004\074\004\076\004\100\004\060\004\073\004\070}{section.1.5}% 30
\BOOKMARK [2][-]{subsection.1.5.6}{\376\377\004\037\004\065\004\100\004\065\004\062\004\076\004\064\004\107\004\070\004\072\000\040\004\062\000\040\004\064\004\065\004\101\004\117\004\102\004\070\004\107\004\075\004\103\004\116\000\040\004\101\004\070\004\101\004\102\004\065\004\074\004\103}{section.1.5}% 31
\BOOKMARK [2][-]{subsection.1.5.7}{\376\377\004\036\004\077\004\065\004\100\004\060\004\102\004\076\004\100\004\113\000\040\004\106\004\070\004\072\004\073\004\060}{section.1.5}% 32
\BOOKMARK [3][-]{subsubsection.1.5.7.1}{\376\377\004\036\004\077\004\065\004\100\004\060\004\102\004\076\004\100\000\040\004\106\004\070\004\072\004\073\004\060\000\040\004\101\000\040\004\077\004\100\004\065\004\064\004\103\004\101\004\073\004\076\004\062\004\070\004\065\004\074}{subsection.1.5.7}% 33
\BOOKMARK [3][-]{subsubsection.1.5.7.2}{\376\377\004\036\004\077\004\065\004\100\004\060\004\102\004\076\004\100\000\040\004\106\004\070\004\072\004\073\004\060\000\040\004\101\000\040\004\077\004\076\004\101\004\102\004\103\004\101\004\073\004\076\004\062\004\070\004\065\004\074}{subsection.1.5.7}% 34
\BOOKMARK [3][-]{subsubsection.1.5.7.3}{\376\377\004\036\004\077\004\065\004\100\004\060\004\102\004\076\004\100\000\040\004\106\004\070\004\072\004\073\004\060\000\040\040\036\004\062\004\065\004\107\004\075\004\076\000\040\004\077\004\076\004\062\004\102\004\076\004\100\004\117\004\071\040\034}{subsection.1.5.7}% 35
\BOOKMARK [3][-]{subsubsection.1.5.7.4}{\376\377\004\036\004\077\004\065\004\100\004\060\004\102\004\076\004\100\000\040\004\106\004\070\004\072\004\073\004\060\000\040\040\036\004\064\004\073\004\117\040\034}{subsection.1.5.7}% 36
\BOOKMARK [3][-]{subsubsection.1.5.7.5}{\376\377\004\036\004\077\004\065\004\100\004\060\004\102\004\076\004\100\000\040\004\106\004\070\004\072\004\073\004\060\000\040\040\036\000I\000a\000m\040\034}{subsection.1.5.7}% 37
\BOOKMARK [2][-]{subsection.1.5.8}{\376\377\004\036\004\077\004\065\004\100\004\060\004\102\004\076\004\100\000\040\004\062\004\113\004\105\004\076\004\064\004\060\000\040\004\070\004\067\000\040\004\106\004\070\004\072\004\073\004\060}{section.1.5}% 38
\BOOKMARK [2][-]{subsection.1.5.9}{\376\377\004\036\004\077\004\065\004\100\004\060\004\102\004\076\004\100\000\040\004\062\004\113\004\077\004\076\004\073\004\075\004\065\004\075\004\070\004\117\000\040\004\101\004\073\004\065\004\064\004\103\004\116\004\111\004\065\004\071\000\040\004\070\004\102\004\065\004\100\004\060\004\106\004\070\004\070\000\040\004\106\004\070\004\072\004\073\004\060}{section.1.5}% 39
\BOOKMARK [2][-]{subsection.1.5.10}{\376\377\004\036\004\077\004\065\004\100\004\060\004\102\004\076\004\100\000\040\004\062\004\076\004\067\004\062\004\100\004\060\004\102\004\060\000\040\004\070\004\067\000\040\004\104\004\103\004\075\004\072\004\106\004\070\004\070}{section.1.5}% 40
